0 info it worked if it ends with ok
1 verbose cli [ 'C:\\Program Files\\nodejs\\node.exe',
1 verbose cli   'C:\\Program Files\\nodejs\\node_modules\\npm\\bin\\npm-cli.js',
1 verbose cli   'install',
1 verbose cli   'angular-route' ]
2 info using npm@2.14.12
3 info using node@v4.3.1
4 verbose install initial load of C:\xampp\htdocs\web\plattform\web-tut\jquery\angular\1\package.json
5 warn package.json 1@1.0.0 No repository field.
6 warn package.json 1@1.0.0 No README data
7 verbose installManyTop reading scoped package data from C:\xampp\htdocs\web\plattform\web-tut\jquery\angular\1\node_modules\angular\package.json
8 verbose installManyTop reading scoped package data from C:\xampp\htdocs\web\plattform\web-tut\jquery\angular\1\node_modules\bootstrap\package.json
9 verbose installManyTop reading scoped package data from C:\xampp\htdocs\web\plattform\web-tut\jquery\angular\1\node_modules\grunt\package.json
10 verbose installManyTop reading scoped package data from C:\xampp\htdocs\web\plattform\web-tut\jquery\angular\1\node_modules\grunt-contrib-cssmin\package.json
11 verbose installManyTop reading scoped package data from C:\xampp\htdocs\web\plattform\web-tut\jquery\angular\1\node_modules\jquery\package.json
12 verbose readDependencies loading dependencies from C:\xampp\htdocs\web\plattform\web-tut\jquery\angular\1\package.json
13 silly cache add args [ 'angular-route', null ]
14 verbose cache add spec angular-route
15 silly cache add parsed spec Result {
15 silly cache add   raw: 'angular-route',
15 silly cache add   scope: null,
15 silly cache add   name: 'angular-route',
15 silly cache add   rawSpec: '',
15 silly cache add   spec: 'latest',
15 silly cache add   type: 'tag' }
16 silly addNamed angular-route@latest
17 verbose addNamed "latest" is being treated as a dist-tag for angular-route
18 info addNameTag [ 'angular-route', 'latest' ]
19 silly mapToRegistry name angular-route
20 silly mapToRegistry using default registry
21 silly mapToRegistry registry https://registry.npmjs.org/
22 silly mapToRegistry uri https://registry.npmjs.org/angular-route
23 verbose addNameTag registry:https://registry.npmjs.org/angular-route not in flight; fetching
24 verbose request uri https://registry.npmjs.org/angular-route
25 verbose request no auth needed
26 info attempt registry request try #1 at 9:13:39 AM
27 verbose request id fbaa2a79e2d17055
28 http request GET https://registry.npmjs.org/angular-route
29 info retry will retry, error on last attempt: Error: connect ETIMEDOUT 103.245.222.162:443
30 info attempt registry request try #2 at 9:14:10 AM
31 http request GET https://registry.npmjs.org/angular-route
32 info retry will retry, error on last attempt: Error: connect ETIMEDOUT 103.245.222.162:443
33 info attempt registry request try #3 at 9:15:35 AM
34 http request GET https://registry.npmjs.org/angular-route
35 verbose stack Error: connect ETIMEDOUT 103.245.222.162:443
35 verbose stack     at Object.exports._errnoException (util.js:870:11)
35 verbose stack     at exports._exceptionWithHostPort (util.js:893:20)
35 verbose stack     at TCPConnectWrap.afterConnect [as oncomplete] (net.js:1062:14)
36 verbose cwd C:\xampp\htdocs\web\plattform\web-tut\jquery\angular\1
37 error Windows_NT 6.3.9600
38 error argv "C:\\Program Files\\nodejs\\node.exe" "C:\\Program Files\\nodejs\\node_modules\\npm\\bin\\npm-cli.js" "install" "angular-route"
39 error node v4.3.1
40 error npm  v2.14.12
41 error code ETIMEDOUT
42 error errno ETIMEDOUT
43 error syscall connect
44 error network connect ETIMEDOUT 103.245.222.162:443
44 error network This is most likely not a problem with npm itself
44 error network and is related to network connectivity.
44 error network In most cases you are behind a proxy or have bad network settings.
44 error network
44 error network If you are behind a proxy, please make sure that the
44 error network 'proxy' config is set properly.  See: 'npm help config'
45 verbose exit [ 1, true ]
